# Elapsed time   CPU (%)     Real (MB)   Virtual (MB)
       0.000        0.000       75.602    36136.617
       0.201       23.267      141.836    36136.617
       0.401       29.908      218.660    36721.688
       0.602       22.850      287.238    36721.688
       0.802       28.692      309.691    36721.688
       1.003       37.392      355.891    36786.691
       1.203       31.150      371.641    36786.691
       1.404       32.825      379.941    36788.691
       1.604       25.342      388.707    36791.695
       1.805       21.183      395.965    36793.695
       2.006       27.008      402.516    37445.734
       2.206       32.425      408.758    37447.734
       2.407       27.433      427.742    37579.750
       2.607       42.792      440.891    37845.777
       2.808       51.050      447.855    38306.855
       3.009       41.958      456.148    38438.996
       3.209       50.267      466.148    38772.133
       3.410       43.608      481.398    38774.266
       3.610       35.308      489.449    38908.680
       3.811       36.558      494.465    38973.684
       4.012       39.875      499.473    38975.816
       4.212       34.050      503.465    38975.816
       4.413       30.758      508.781    38982.668
       4.613       27.425      516.031    39049.805
       4.814       32.408      520.152    39051.805
       5.015       30.317      528.023    39053.805
       5.215       42.800      543.730    39053.805
       5.416       34.475      553.684    39120.809
       5.616       37.800      557.957    39381.512
       5.817       39.875      562.812    39381.645
       6.018       21.183      564.391    39511.652
       6.218        6.233      565.602    39513.652
       6.419        0.000      565.602    39513.652
       6.620        0.000      565.602    39513.652
       6.821        0.000      565.602    39513.652
       7.022        0.000      565.602    39513.652
       7.223       25.725      299.711    39774.664
       7.424       69.350      388.840    39774.664
       7.625       68.508      471.688    39776.664
       7.825       66.850      503.312    39776.664
       8.026       65.608      525.188    39776.664
       8.227       65.642      536.422    39842.672
       8.427       63.550      546.949    39843.359
       8.628       63.950      552.164    39843.359
       8.828       63.158      561.348    39843.359
       9.029       56.883      563.133    39843.359
       9.230       32.375      566.230    39843.359
       9.431        0.000      566.230    39843.359
       9.632        0.000      566.230    39843.359
       9.833        0.000      566.230    39843.359
      10.034        1.658      565.746    39843.359
