# Elapsed time   CPU (%)     Real (MB)   Virtual (MB)
       0.000        0.000       57.891    35922.320
       0.201       26.600      153.586    36704.402
       0.401       26.183      256.672    36704.402
       0.601       29.933      312.188    36704.402
       0.802       34.083      370.684    36706.402
       1.002       28.675      386.863    36773.406
       1.203       21.200      397.488    36775.406
       1.403       21.200      403.090    37169.430
       1.604       30.758      421.004    37561.461
       1.804       45.300      444.668    37892.492
       2.005       45.300      456.805    38422.840
       2.205       47.375      470.566    38754.113
       2.406       37.817      477.637    38756.250
       2.607       34.492      483.910    38888.258
       2.807       37.400      488.078    39020.402
       3.008       32.000      491.113    39020.402
       3.208       21.192      496.980    39094.395
       3.409       30.358      502.961    39096.395
       3.609       24.108      510.602    39098.531
       3.809       29.092      530.586    39100.531
       4.010       32.417      538.484    39167.809
       4.211       39.050      541.930    39427.824
       4.411       25.333      544.379    39493.148
       4.612        0.000      544.379    39493.148
       4.813        0.000      544.379    39493.148
       5.014        7.050      545.203    39495.148
       5.215        0.000      545.203    39495.148
       5.416        0.000      545.203    39495.148
       5.618        0.000      545.203    39495.148
       5.819        0.000      545.203    39495.148
       6.020       30.708      548.008    39692.160
       6.220       67.292      552.031    39694.160
       6.421       63.583      553.734    39694.160
       6.622       66.058      557.227    39694.160
       6.822       64.383      560.367    39694.160
       7.023       64.383      562.406    39759.164
       7.223       64.375      565.848    39759.164
       7.424       51.925      568.391    39759.164
       7.625        3.733      568.926    39759.164
       7.826        0.000      568.926    39759.164
       8.027        1.658      568.926    39759.164
       8.228        1.242      568.953    39759.164
       8.429        0.417        0.000        0.000
