# Elapsed time   CPU (%)     Real (MB)   Virtual (MB)
       0.000        0.000       19.000       86.547
       0.201        4.983       25.641      182.953
       0.402        0.000       25.641      182.953
       0.603        0.000       25.641      182.953
       0.804        0.000       25.641      182.953
       1.005        0.000       25.641      182.953
       1.206        3.733       25.945      398.965
       1.406       10.383       26.016      462.965
       1.607       10.792       26.051      462.965
       1.808       11.208       26.141      526.965
       2.008       10.792       26.160      535.219
       2.209       10.367       26.105      535.219
       2.410       11.200       26.105      527.215
       2.611       10.783       26.098      527.215
       2.812       10.792       26.133      535.219
       3.013       10.792       26.137      527.215
       3.213       10.800       26.137      535.219
       3.414       10.792       26.102      527.215
       3.615       10.792       26.109      527.215
       3.816       10.783       26.109      535.219
       4.017       10.792       26.062      527.215
       4.217       11.208       26.055      527.215
       4.418       10.383       26.051      527.215
       4.619       10.792       26.043      527.215
       4.820       10.783       26.027      527.215
       5.020       10.792       26.270      527.215
       5.221       10.783       26.242      527.215
       5.422       11.200       26.227      527.215
       5.623       10.792       26.211      527.215
       5.824       10.792       26.188      527.215
       6.025       10.383       26.184      527.215
       6.225       11.200       26.207      527.215
       6.426       10.375       26.191      527.215
       6.627       10.792       26.168      527.215
       6.828       10.792       26.121      527.215
       7.028       11.208       26.098      535.219
       7.229       10.367       26.074      527.215
       7.430       11.208       26.066      527.215
       7.631       10.375       26.332      535.219
       7.832       10.783       26.301      527.215
       8.033       10.792       26.285      527.215
       8.233       10.792       26.277      535.219
       8.434       11.200       26.254      535.219
       8.635       10.367       26.215      527.215
       8.836       11.200       26.199      535.219
       9.037       10.783       26.191      527.215
       9.238       10.783       26.156      527.215
       9.439       10.792       26.160      527.215
       9.640       10.783       26.145      527.215
       9.840       10.792       26.113      527.215
      10.041       10.792       26.113      535.219
      10.242        7.467       26.082      527.215
      10.443        0.000       26.082      527.215
      10.644        0.000       26.082      527.215
      10.845        0.000       26.082      527.215
      11.046        0.000       26.082      527.215
