# Elapsed time   CPU (%)     Real (MB)   Virtual (MB)
       0.000        0.000       54.863    35424.387
       0.201       27.017      176.754    35686.406
       0.401       32.417      289.949    35686.406
       0.602       39.900      331.441    35883.426
       0.802       34.917      368.254    35891.605
       1.003       29.925      388.230    35895.605
       1.203       32.442      397.742    35895.605
       1.403       23.275      403.047    35963.621
       1.604       34.500      414.164    35965.621
       1.804       27.850      419.043    35967.621
       2.005       31.583      425.188    35969.621
       2.205       26.600      431.070    35971.621
       2.406       25.767      434.977    36425.660
       2.606       22.025      441.059    36825.820
       2.807       35.742      445.742    36827.820
       3.007       25.350      448.699    36829.820
       3.208       22.025      453.730    36831.820
       3.408       23.275      458.957    36833.820
       3.609       18.292      462.602    36835.820
       3.809       16.208      465.188    36902.824
       4.010       18.292      467.051    36902.824
       4.210       23.275      469.188    36902.824
       4.411       22.442      470.141    36902.961
       4.611       21.200      471.594    36904.961
       4.812       24.525      473.047    37034.977
       5.012       25.350      473.789    37034.977
       5.213       20.783      474.996    37035.113
       5.413       23.692      475.273    37035.113
       5.614       22.033      476.742    37882.164
       5.815        9.967      477.379    37882.164
       6.015        1.242      477.637    37882.164
       6.216        4.142      477.637    37882.164
       6.417       13.700      479.910    37882.438
       6.618       22.858      480.234    37882.438
       6.818       21.200      480.488    37884.438
       7.019       27.008      482.441    37884.438
       7.219       22.033      483.883    37886.438
       7.420        0.000      483.984    37886.438
       7.621        0.000      484.020    37886.438
       7.823        0.000      484.020    37886.438
       8.024        0.000      484.020    37886.438
       8.225        7.058      484.156    37886.438
       8.425       50.283      485.074    37886.574
       8.626       49.458      486.730    37888.574
       8.827       63.558      488.242    37888.574
       9.027       54.808      489.062    37888.574
       9.228       54.417      490.254    37888.574
       9.428       66.050      496.207    37888.574
       9.629       57.758      498.168    37890.711
       9.830       53.592      499.418    37890.711
      10.032       56.067      501.156    37890.711
      10.232       52.350      502.070    37890.711
      10.433       57.183      502.383    37890.711
      10.634       49.850      502.648    37890.711
      10.835        7.050      502.820    37890.711
      11.036        0.000      502.820    37890.711
      11.237        0.000      502.820    37890.711
      11.438        0.000      502.820    37890.711
      11.640        0.000      502.820    37890.711
